{
  "RSpec": {
    "coverage": {
      "/Users/mattsimon/turing/adopt_dont_shop_part_two/spec/spec_helper.rb": [
        null,
        null,
        null,
        null,
        null,
        null,
        null,
        null,
        null,
        null,
        null,
        null,
        null,
        null,
        null,
        1,
        null,
        null,
        null,
        1,
        null,
        null,
        null,
        null,
        null,
        null,
        null,
        1,
        null,
        null,
        null,
        null,
        1,
        null,
        null,
        null,
        1,
        null,
        null,
        null,
        null,
        null,
        null,
        null,
        1,
        null,
        null,
        null,
        null,
        null,
        null,
        null,
        null,
        null,
        null,
        null,
        null,
        null,
        null,
        null,
        null,
        null,
        null,
        null,
        null,
        null,
        null,
        null,
        null,
        null,
        null,
        null,
        null,
        null,
        null,
        null,
        null,
        null,
        null,
        null,
        null,
        null,
        null,
        null,
        null,
        null,
        null,
        null,
        null,
        null,
        null,
        null,
        null,
        null,
        null,
        null
      ],
      "/Users/mattsimon/turing/adopt_dont_shop_part_two/config/environment.rb": [
        null,
        1,
        null,
        null,
        1
      ],
      "/Users/mattsimon/turing/adopt_dont_shop_part_two/config/application.rb": [
        1,
        null,
        1,
        null,
        1,
        1,
        1,
        1,
        1,
        1,
        1,
        1,
        null,
        null,
        null,
        null,
        1,
        null,
        1,
        1,
        null,
        1,
        null,
        null,
        null,
        null,
        null,
        null,
        1,
        null,
        null
      ],
      "/Users/mattsimon/turing/adopt_dont_shop_part_two/config/boot.rb": [
        1,
        null,
        1
      ],
      "/Users/mattsimon/turing/adopt_dont_shop_part_two/config/environments/test.rb": [
        1,
        null,
        null,
        null,
        null,
        null,
        null,
        1,
        null,
        null,
        null,
        null,
        1,
        null,
        null,
        1,
        1,
        null,
        null,
        null,
        null,
        1,
        1,
        null,
        null,
        1,
        null,
        null,
        1,
        1,
        null,
        null,
        null,
        null,
        1,
        null,
        null,
        1,
        null,
        null,
        null,
        null
      ],
      "/Users/mattsimon/turing/adopt_dont_shop_part_two/config/initializers/application_controller_renderer.rb": [
        null,
        null,
        null,
        null,
        null,
        null,
        null,
        null
      ],
      "/Users/mattsimon/turing/adopt_dont_shop_part_two/config/initializers/assets.rb": [
        null,
        null,
        null,
        1,
        null,
        null,
        null,
        null,
        1,
        null,
        null,
        null,
        null,
        null
      ],
      "/Users/mattsimon/turing/adopt_dont_shop_part_two/config/initializers/backtrace_silencers.rb": [
        null,
        null,
        null,
        null,
        null,
        null,
        null
      ],
      "/Users/mattsimon/turing/adopt_dont_shop_part_two/config/initializers/cookies_serializer.rb": [
        null,
        null,
        null,
        null,
        1
      ],
      "/Users/mattsimon/turing/adopt_dont_shop_part_two/config/initializers/filter_parameter_logging.rb": [
        null,
        null,
        null,
        1
      ],
      "/Users/mattsimon/turing/adopt_dont_shop_part_two/config/initializers/inflections.rb": [
        null,
        null,
        null,
        null,
        null,
        null,
        null,
        null,
        null,
        null,
        null,
        null,
        null,
        null,
        null,
        null
      ],
      "/Users/mattsimon/turing/adopt_dont_shop_part_two/config/initializers/mime_types.rb": [
        null,
        null,
        null,
        null
      ],
      "/Users/mattsimon/turing/adopt_dont_shop_part_two/config/initializers/wrap_parameters.rb": [
        null,
        null,
        null,
        null,
        null,
        null,
        1,
        2,
        null,
        null,
        null,
        null,
        null,
        null
      ],
      "/Users/mattsimon/turing/adopt_dont_shop_part_two/spec/factories/applications.rb": [
        1,
        1,
        1,
        1,
        1,
        1,
        1,
        1,
        1,
        1,
        null,
        null
      ],
      "/Users/mattsimon/turing/adopt_dont_shop_part_two/spec/factories/pet_applications.rb": [
        1,
        1,
        1,
        1,
        null,
        null
      ],
      "/Users/mattsimon/turing/adopt_dont_shop_part_two/spec/factories/pets.rb": [
        1,
        1,
        49,
        49,
        49,
        49,
        49,
        49,
        null,
        null
      ],
      "/Users/mattsimon/turing/adopt_dont_shop_part_two/app/models/pet.rb": [
        1,
        1,
        1,
        1,
        1,
        1,
        null,
        1,
        6,
        null,
        null,
        1,
        20,
        0,
        null,
        null,
        null
      ],
      "/Users/mattsimon/turing/adopt_dont_shop_part_two/app/models/application_record.rb": [
        1,
        1,
        null
      ],
      "/Users/mattsimon/turing/adopt_dont_shop_part_two/spec/factories/reviews.rb": [
        1,
        1,
        23,
        23,
        23,
        23,
        23,
        null,
        null,
        1,
        1,
        1,
        1,
        1,
        null,
        null
      ],
      "/Users/mattsimon/turing/adopt_dont_shop_part_two/app/models/review.rb": [
        1,
        1,
        null,
        1,
        null
      ],
      "/Users/mattsimon/turing/adopt_dont_shop_part_two/spec/factories/shelters.rb": [
        1,
        1,
        18,
        18,
        18,
        18,
        18,
        null,
        null
      ],
      "/Users/mattsimon/turing/adopt_dont_shop_part_two/app/models/shelter.rb": [
        1,
        1,
        1,
        1,
        null,
        null
      ],
      "/Users/mattsimon/turing/adopt_dont_shop_part_two/config/routes.rb": [
        1,
        null,
        1,
        1,
        1,
        1,
        1,
        1,
        1,
        1,
        1,
        1,
        1,
        1,
        1,
        1,
        1,
        1,
        1,
        1,
        1,
        1,
        1,
        1,
        1,
        1,
        1,
        1,
        1,
        null,
        null,
        null
      ],
      "/Users/mattsimon/turing/adopt_dont_shop_part_two/app/helpers/application_helper.rb": [
        1,
        null
      ],
      "/Users/mattsimon/turing/adopt_dont_shop_part_two/spec/support/factory_bot.rb": [
        1,
        1,
        null
      ],
      "/Users/mattsimon/turing/adopt_dont_shop_part_two/spec/features/favorites/delete_all_favorites_spec.rb": [
        1,
        null,
        1,
        1,
        1,
        1,
        null,
        null,
        1,
        null,
        1,
        1,
        null,
        1,
        null,
        1,
        null,
        1,
        null,
        1,
        null,
        1,
        1,
        null,
        null
      ],
      "/Users/mattsimon/turing/adopt_dont_shop_part_two/spec/features/favorites/user_see_favorites_spec.rb": [
        1,
        null,
        1,
        1,
        2,
        2,
        null,
        null,
        1,
        1,
        null,
        1,
        null,
        null,
        null,
        1,
        1,
        1,
        null,
        1,
        null,
        1,
        1,
        1,
        null,
        null,
        1,
        1,
        null,
        1,
        null,
        1,
        1,
        1,
        null,
        null,
        1,
        1,
        null,
        1,
        null,
        1,
        1,
        1,
        null,
        null,
        1,
        null,
        1,
        1,
        null,
        1,
        null,
        1,
        1,
        null,
        1,
        1,
        null,
        null,
        1,
        1,
        null,
        null,
        null
      ],
      "/Users/mattsimon/turing/adopt_dont_shop_part_two/spec/features/pets/user_delete_pet_spec.rb": [
        1,
        null,
        1,
        1,
        1,
        1,
        1,
        null,
        null,
        null,
        1,
        1,
        1,
        1,
        1,
        null,
        null
      ],
      "/Users/mattsimon/turing/adopt_dont_shop_part_two/spec/features/pets/user_new_pet_form_spec.rb": [
        1,
        null,
        1,
        2,
        null,
        null,
        1,
        1,
        null,
        1,
        1,
        1,
        1,
        1,
        1,
        null,
        1,
        1,
        1,
        1,
        1,
        null,
        1,
        null,
        1,
        1,
        null,
        null,
        1,
        1,
        null,
        1,
        1,
        1,
        1,
        1,
        1,
        null,
        1,
        1,
        1,
        null,
        1,
        null,
        1,
        1,
        null,
        null
      ],
      "/Users/mattsimon/turing/adopt_dont_shop_part_two/spec/features/pets/user_pet_edit_form_can_render_fields_spec.rb": [
        1,
        1,
        1,
        null,
        null,
        null,
        null,
        null,
        null,
        null,
        1,
        null,
        null,
        null,
        1,
        1,
        null,
        1,
        1,
        1,
        1,
        null,
        1,
        1,
        null,
        1,
        null,
        1,
        1,
        1,
        null,
        null
      ],
      "/Users/mattsimon/turing/adopt_dont_shop_part_two/spec/features/pets/user_see_pet_show_spec.rb": [
        1,
        null,
        1,
        null,
        1,
        2,
        2,
        null,
        null,
        1,
        null,
        1,
        null,
        1,
        1,
        1,
        1,
        1,
        null,
        1,
        null,
        1,
        1,
        1,
        1,
        1,
        null,
        null,
        1,
        1,
        1,
        null,
        1,
        1,
        null,
        null,
        null,
        null
      ],
      "/Users/mattsimon/turing/adopt_dont_shop_part_two/spec/features/pets/user_view_pets_spec.rb": [
        1,
        null,
        1,
        1,
        1,
        1,
        null,
        null,
        1,
        null,
        1,
        null,
        1,
        1,
        null,
        null
      ],
      "/Users/mattsimon/turing/adopt_dont_shop_part_two/spec/features/reviews/user_delete_review_spec.rb": [
        1,
        1,
        1,
        1,
        1,
        null,
        null,
        1,
        1,
        1,
        1,
        null,
        null,
        1,
        1,
        null,
        null
      ],
      "/Users/mattsimon/turing/adopt_dont_shop_part_two/spec/features/reviews/user_see_new_review_form_spec.rb": [
        1,
        null,
        1,
        1,
        1,
        null,
        null,
        1,
        1,
        null,
        null,
        null,
        null,
        null,
        null,
        null,
        1,
        null,
        1,
        1,
        1,
        1,
        null,
        1,
        1,
        1,
        1,
        null,
        1,
        null,
        1,
        1,
        null,
        null
      ],
      "/Users/mattsimon/turing/adopt_dont_shop_part_two/spec/features/reviews/user_see_review_edit_form_spec.rb": [
        1,
        null,
        1,
        1,
        1,
        1,
        null,
        null,
        1,
        1,
        null,
        1,
        null,
        1,
        1,
        1,
        null,
        1,
        1,
        1,
        1,
        null,
        1,
        null,
        1,
        1,
        1,
        1,
        null,
        null
      ],
      "/Users/mattsimon/turing/adopt_dont_shop_part_two/spec/features/shelters/user_delete_shelter_spec.rb": [
        1,
        null,
        1,
        1,
        1,
        null,
        null,
        1,
        null,
        1,
        1,
        null,
        1,
        1,
        null,
        null
      ],
      "/Users/mattsimon/turing/adopt_dont_shop_part_two/spec/features/shelters/user_edit_form_spec.rb": [
        1,
        null,
        1,
        1,
        1,
        null,
        null,
        null,
        null,
        null,
        null,
        null,
        1,
        null,
        1,
        1,
        1,
        1,
        1,
        1,
        null,
        1,
        null,
        1,
        null,
        1,
        1,
        null,
        null
      ],
      "/Users/mattsimon/turing/adopt_dont_shop_part_two/spec/features/shelters/user_new_form_spec.rb": [
        1,
        null,
        1,
        1,
        1,
        null,
        1,
        1,
        1,
        1,
        1,
        null,
        1,
        1,
        1,
        1,
        1,
        null,
        1,
        1,
        null,
        1,
        1,
        null,
        null
      ],
      "/Users/mattsimon/turing/adopt_dont_shop_part_two/spec/features/shelters/user_see_individual_shelter_spec.rb": [
        1,
        null,
        1,
        null,
        1,
        2,
        2,
        null,
        null,
        null,
        1,
        null,
        1,
        null,
        1,
        1,
        1,
        1,
        1,
        null,
        null,
        null,
        1,
        null,
        1,
        null,
        1,
        5,
        5,
        5,
        null,
        null,
        null,
        null
      ],
      "/Users/mattsimon/turing/adopt_dont_shop_part_two/spec/features/shelters/user_see_shelter_pets_spec.rb": [
        1,
        null,
        1,
        1,
        1,
        null,
        null,
        null,
        null,
        null,
        null,
        null,
        1,
        null,
        null,
        null,
        null,
        null,
        null,
        null,
        1,
        null,
        null,
        null,
        null,
        null,
        null,
        null,
        null,
        null,
        1,
        null,
        null,
        null,
        null,
        null,
        null,
        null,
        null,
        null,
        1,
        null,
        null,
        null,
        null,
        null,
        null,
        null,
        null,
        null,
        1,
        null,
        1,
        1,
        null,
        null,
        null
      ],
      "/Users/mattsimon/turing/adopt_dont_shop_part_two/spec/features/shelters/user_see_shelters_spec.rb": [
        1,
        null,
        1,
        1,
        1,
        null,
        null,
        null,
        null,
        null,
        null,
        null,
        1,
        null,
        null,
        null,
        null,
        null,
        null,
        null,
        1,
        null,
        1,
        1,
        null,
        null
      ],
      "/Users/mattsimon/turing/adopt_dont_shop_part_two/spec/models/application_spec.rb": [
        1,
        null,
        1,
        1,
        null
      ],
      "/Users/mattsimon/turing/adopt_dont_shop_part_two/app/models/application.rb": [
        1,
        1,
        1,
        null,
        null,
        null
      ],
      "/Users/mattsimon/turing/adopt_dont_shop_part_two/spec/models/pet_application_spec.rb": [
        1,
        null,
        1,
        1,
        null
      ],
      "/Users/mattsimon/turing/adopt_dont_shop_part_two/app/models/pet_application.rb": [
        1,
        1,
        1,
        null
      ],
      "/Users/mattsimon/turing/adopt_dont_shop_part_two/spec/models/pet_spec.rb": [
        1,
        null,
        1,
        1,
        2,
        2,
        2,
        2,
        2,
        2,
        null,
        null,
        1,
        1,
        1,
        null,
        null,
        null,
        null,
        null,
        null,
        null,
        1,
        null,
        null,
        null,
        null,
        null,
        null,
        null,
        null,
        null,
        null,
        1,
        1,
        null,
        null,
        null,
        null
      ],
      "/Users/mattsimon/turing/adopt_dont_shop_part_two/spec/models/review_spec.rb": [
        1,
        null,
        1,
        null,
        null
      ],
      "/Users/mattsimon/turing/adopt_dont_shop_part_two/spec/models/shelter_spec.rb": [
        1,
        null,
        1,
        1,
        2,
        2,
        2,
        2,
        2,
        null,
        null,
        1,
        2,
        null,
        null
      ],
      "/Users/mattsimon/turing/adopt_dont_shop_part_two/app/controllers/pets_controller.rb": [
        1,
        1,
        2,
        null,
        null,
        1,
        19,
        null,
        null,
        1,
        3,
        null,
        null,
        1,
        2,
        2,
        2,
        1,
        1,
        null,
        1,
        1,
        null,
        null,
        null,
        1,
        1,
        1,
        null,
        null,
        1,
        1,
        1,
        1,
        1,
        1,
        null,
        0,
        0,
        null,
        null,
        null,
        1,
        1,
        0,
        0,
        null,
        1,
        1,
        1,
        null,
        null,
        null,
        1,
        null,
        1,
        3,
        null,
        null
      ],
      "/Users/mattsimon/turing/adopt_dont_shop_part_two/app/controllers/application_controller.rb": [
        1,
        1,
        null,
        1,
        null,
        1,
        69,
        69,
        null,
        null
      ],
      "/Users/mattsimon/turing/adopt_dont_shop_part_two/app/controllers/favorites_controller.rb": [
        1,
        1,
        6,
        6,
        6,
        null,
        null,
        1,
        null,
        null,
        null,
        1,
        1,
        1,
        null,
        null,
        1,
        7,
        7,
        7,
        7,
        null,
        null,
        1,
        2,
        2,
        2,
        2,
        2,
        null,
        null
      ],
      "/Users/mattsimon/turing/adopt_dont_shop_part_two/app/controllers/petapplications_controller.rb": [
        1,
        1,
        null,
        null,
        null
      ],
      "/Users/mattsimon/turing/adopt_dont_shop_part_two/app/controllers/shelterpets_controller.rb": [
        1,
        1,
        2,
        2,
        null,
        null
      ],
      "/Users/mattsimon/turing/adopt_dont_shop_part_two/app/controllers/shelters_controller.rb": [
        1,
        1,
        3,
        null,
        null,
        1,
        1,
        null,
        null,
        1,
        1,
        null,
        null,
        null,
        null,
        null,
        null,
        1,
        1,
        null,
        0,
        0,
        null,
        null,
        null,
        1,
        8,
        8,
        null,
        null,
        1,
        1,
        null,
        null,
        1,
        1,
        1,
        1,
        1,
        1,
        null,
        0,
        0,
        null,
        null,
        null,
        1,
        1,
        1,
        0,
        0,
        null,
        1,
        1,
        1,
        null,
        null,
        null,
        1,
        null,
        1,
        1,
        null,
        null,
        null
      ],
      "/Users/mattsimon/turing/adopt_dont_shop_part_two/app/controllers/reviews_controller.rb": [
        1,
        1,
        1,
        null,
        null,
        1,
        1,
        1,
        1,
        1,
        1,
        null,
        0,
        0,
        null,
        null,
        null,
        1,
        0,
        0,
        null,
        null,
        1,
        1,
        null,
        null,
        1,
        1,
        1,
        1,
        1,
        1,
        null,
        0,
        0,
        null,
        null,
        null,
        1,
        1,
        1,
        1,
        null,
        null,
        1,
        null,
        1,
        2,
        null,
        null
      ]
    },
    "timestamp": 1575580868
  }
}
